05-Jun-2021 21:48:45.546 信息 [main] org.apache.catalina.core.ApplicationContext.log ContextListener: contextInitialized()
05-Jun-2021 21:48:45.546 信息 [main] org.apache.catalina.core.ApplicationContext.log SessionListener: contextInitialized()
05-Jun-2021 21:48:45.549 信息 [main] org.apache.catalina.core.ApplicationContext.log ContextListener: attributeAdded('StockTicker', 'async.Stockticker@6256ac4f')
05-Jun-2021 22:05:15.489 信息 [main] org.apache.catalina.core.ApplicationContext.log ContextListener: contextInitialized()
05-Jun-2021 22:05:15.489 信息 [main] org.apache.catalina.core.ApplicationContext.log SessionListener: contextInitialized()
05-Jun-2021 22:05:15.492 信息 [main] org.apache.catalina.core.ApplicationContext.log ContextListener: attributeAdded('StockTicker', 'async.Stockticker@107ed6fc')
05-Jun-2021 22:05:15.636 信息 [main] org.apache.catalina.core.ApplicationContext.log SessionListener: contextDestroyed()
05-Jun-2021 22:05:15.636 信息 [main] org.apache.catalina.core.ApplicationContext.log ContextListener: contextDestroyed()
05-Jun-2021 22:07:48.410 信息 [main] org.apache.catalina.core.ApplicationContext.log ContextListener: contextInitialized()
05-Jun-2021 22:07:48.411 信息 [main] org.apache.catalina.core.ApplicationContext.log SessionListener: contextInitialized()
05-Jun-2021 22:07:48.413 信息 [main] org.apache.catalina.core.ApplicationContext.log ContextListener: attributeAdded('StockTicker', 'async.Stockticker@3efe7086')
05-Jun-2021 22:07:48.569 信息 [main] org.apache.catalina.core.ApplicationContext.log SessionListener: contextDestroyed()
05-Jun-2021 22:07:48.569 信息 [main] org.apache.catalina.core.ApplicationContext.log ContextListener: contextDestroyed()
05-Jun-2021 22:28:53.814 信息 [main] org.apache.catalina.core.ApplicationContext.log ContextListener: contextInitialized()
05-Jun-2021 22:28:53.814 信息 [main] org.apache.catalina.core.ApplicationContext.log SessionListener: contextInitialized()
05-Jun-2021 22:28:53.816 信息 [main] org.apache.catalina.core.ApplicationContext.log ContextListener: attributeAdded('StockTicker', 'async.Stockticker@25ddbbbb')
05-Jun-2021 22:31:25.304 信息 [main] org.apache.catalina.core.ApplicationContext.log SessionListener: contextDestroyed()
05-Jun-2021 22:31:25.304 信息 [main] org.apache.catalina.core.ApplicationContext.log ContextListener: contextDestroyed()
05-Jun-2021 22:31:29.646 信息 [main] org.apache.catalina.core.ApplicationContext.log ContextListener: contextInitialized()
05-Jun-2021 22:31:29.646 信息 [main] org.apache.catalina.core.ApplicationContext.log SessionListener: contextInitialized()
05-Jun-2021 22:31:29.649 信息 [main] org.apache.catalina.core.ApplicationContext.log ContextListener: attributeAdded('StockTicker', 'async.Stockticker@3c0fae6c')
05-Jun-2021 22:35:02.786 信息 [main] org.apache.catalina.core.ApplicationContext.log ContextListener: contextInitialized()
05-Jun-2021 22:35:02.786 信息 [main] org.apache.catalina.core.ApplicationContext.log SessionListener: contextInitialized()
05-Jun-2021 22:35:02.789 信息 [main] org.apache.catalina.core.ApplicationContext.log ContextListener: attributeAdded('StockTicker', 'async.Stockticker@4c168660')
05-Jun-2021 22:36:40.638 信息 [main] org.apache.catalina.core.ApplicationContext.log ContextListener: contextInitialized()
05-Jun-2021 22:36:40.638 信息 [main] org.apache.catalina.core.ApplicationContext.log SessionListener: contextInitialized()
05-Jun-2021 22:36:40.640 信息 [main] org.apache.catalina.core.ApplicationContext.log ContextListener: attributeAdded('StockTicker', 'async.Stockticker@25ddbbbb')
05-Jun-2021 22:38:05.852 信息 [main] org.apache.catalina.core.ApplicationContext.log ContextListener: contextInitialized()
05-Jun-2021 22:38:05.852 信息 [main] org.apache.catalina.core.ApplicationContext.log SessionListener: contextInitialized()
05-Jun-2021 22:38:05.854 信息 [main] org.apache.catalina.core.ApplicationContext.log ContextListener: attributeAdded('StockTicker', 'async.Stockticker@4c168660')
05-Jun-2021 22:38:33.202 信息 [main] org.apache.catalina.core.ApplicationContext.log ContextListener: contextInitialized()
05-Jun-2021 22:38:33.202 信息 [main] org.apache.catalina.core.ApplicationContext.log SessionListener: contextInitialized()
05-Jun-2021 22:38:33.204 信息 [main] org.apache.catalina.core.ApplicationContext.log ContextListener: attributeAdded('StockTicker', 'async.Stockticker@4c168660')
05-Jun-2021 23:11:29.605 信息 [main] org.apache.catalina.core.ApplicationContext.log ContextListener: contextInitialized()
05-Jun-2021 23:11:29.605 信息 [main] org.apache.catalina.core.ApplicationContext.log SessionListener: contextInitialized()
05-Jun-2021 23:11:29.612 信息 [main] org.apache.catalina.core.ApplicationContext.log ContextListener: attributeAdded('StockTicker', 'async.Stockticker@649725e3')
05-Jun-2021 23:12:16.890 信息 [main] org.apache.catalina.core.ApplicationContext.log ContextListener: contextInitialized()
05-Jun-2021 23:12:16.890 信息 [main] org.apache.catalina.core.ApplicationContext.log SessionListener: contextInitialized()
05-Jun-2021 23:12:16.894 信息 [main] org.apache.catalina.core.ApplicationContext.log ContextListener: attributeAdded('StockTicker', 'async.Stockticker@4c168660')
05-Jun-2021 23:13:19.448 信息 [main] org.apache.catalina.core.ApplicationContext.log ContextListener: contextInitialized()
05-Jun-2021 23:13:19.448 信息 [main] org.apache.catalina.core.ApplicationContext.log SessionListener: contextInitialized()
05-Jun-2021 23:13:19.453 信息 [main] org.apache.catalina.core.ApplicationContext.log ContextListener: attributeAdded('StockTicker', 'async.Stockticker@649725e3')
05-Jun-2021 23:14:38.457 信息 [main] org.apache.catalina.core.ApplicationContext.log ContextListener: contextInitialized()
05-Jun-2021 23:14:38.457 信息 [main] org.apache.catalina.core.ApplicationContext.log SessionListener: contextInitialized()
05-Jun-2021 23:14:38.464 信息 [main] org.apache.catalina.core.ApplicationContext.log ContextListener: attributeAdded('StockTicker', 'async.Stockticker@4c168660')
05-Jun-2021 23:17:36.102 信息 [main] org.apache.catalina.core.ApplicationContext.log ContextListener: contextInitialized()
05-Jun-2021 23:17:36.103 信息 [main] org.apache.catalina.core.ApplicationContext.log SessionListener: contextInitialized()
05-Jun-2021 23:17:36.107 信息 [main] org.apache.catalina.core.ApplicationContext.log ContextListener: attributeAdded('StockTicker', 'async.Stockticker@52b56a3e')
