请求总量: 132585
最频繁的10个接口:
23396 /duty/getToDoDutyCount.json
16192 /twell/public.htm
16052 /notification/queryMessageByUid.htm
9584 /twell/querytwellDetailForMobile.htm
6085 /geo/coord2city.json
5826 /twell/private.htm
5585 /user/getResources.json
5300 /user/getUserInfo.json
5207 /location/getOneAuthCity.htm
4878 /user/postDeviceInfo.htm
POST请求量 16010
GET请求量  116575
各类URI:
accompanyvisitrecord
    /accompanyvisitrecord/saveAccompanyVisitRecord.json
geo
    /geo/coord2city.json
notification
    /notification/queryDetail.htm
    /notification/queryMessageByUid.htm
    /notification/markRead.htm
    /notification/queryMessageByUid.json
contact
    /contact/listContactPage.htm
    /contact/addNew.htm
    /contact/mylist.htm
    /contact/updateNew.htm
twell
    /twell/private.htm
    /twell/giveUptwells.htm
    /twell/allotUserSuggest.json
    /twell/editRoomTypeRoomAmount.json
    /twell/queryRoomTypeRoomAmount.json
    /twell/querytwellDetailForMobile.htm
    /twell/public.htm
    /twell/addNewtwell1.htm
    /twell/reporttwellInfoError.htm
    /twell/modifytwellInfo1.htm
    /twell/sortingIntwell.htm
    /twell/allotUserTotwell.json
teamchangeprice
    /teamchangeprice/listQueryForMobile.json
    /teamchangeprice/editPriceDetailForMobile.json
    /teamchangeprice/editPrice.json
accompanyvisitmanage
    /accompanyvisitmanage/listAccompanyVisitInfo.json
tag
    /tag/getSearchTagList.json
twelldetail
    /twelldetail/cooperation.htm
qta
    /qta/price/crmapi/product/queryProductSRoomInfo/5004062.json
    /qta/price/crmapi/product/queryProductSRoomInfo/2425343.json
    /qta/price/crmapi/product/queryProductSRoomInfo/34492.json
    /qta/price/crmapi/product/queryProductSRoomInfo/266944.json
    /qta/price/crmapi/product/queryProductSRoomInfo/4788176.json
    /qta/price/crmapi/product/queryProductSRoomInfo/210665.json
    /qta/price/crmapi/product/queryProductSRoomInfo/129791.json
    /qta/price/crmapi/product/queryProductSRoomInfo/463552.json
    /qta/price/crmapi/product/queryProductSRoomInfo/3360917.json
    /qta/price/crmapi/product/queryProductSRoomInfo/61702.json
    /qta/price/crmapi/product/queryProductSRoomInfo/679.json
    /qta/price/crmapi/product/queryProductSRoomInfo/6690896.json
    /qta/price/crmapi/product/queryProductSRoomInfo/157989.json
    /qta/price/crmapi/product/queryProductSRoomInfo/102146.json
    /qta/price/crmapi/product/queryProductSRoomInfo/8644238.json
    /qta/price/crmapi/product/queryProductSRoomInfo/118451.json
    /qta/price/crmapi/product/queryProductSRoomInfo/1329064.json
    /qta/price/crmapi/product/queryProductSRoomInfo/65481.json
    /qta/price/crmapi/product/queryProductSRoomInfo/91590.json
    /qta/price/crmapi/product/queryProductSRoomInfo/95842.json
    /qta/price/crmapi/product/queryProductSRoomInfo/207340.json
    /qta/price/crmapi/product/queryProductSRoomInfo/2482706.json
    /qta/price/crmapi/product/queryProductSRoomInfo/18948.json
    /qta/price/crmapi/product/queryProductSRoomInfo/12127.json
    /qta/price/crmapi/product/queryProductSRoomInfo/4334018.json
    /qta/price/crmapi/product/queryProductSRoomInfo/7322750.json
    /qta/price/crmapi/product/queryProductSRoomInfo/235307.json
    /qta/price/crmapi/product/queryProductSRoomInfo/5673305.json
    /qta/price/crmapi/product/queryProductSRoomInfo/5692496.json
    /qta/price/crmapi/product/queryProductSRoomInfo/266257.json
    /qta/price/crmapi/product/queryProductSRoomInfo/1227928.json
    /qta/price/crmapi/product/queryProductSRoomInfo/1094425.json
    /qta/price/crmapi/product/queryProductSRoomInfo/473002.json
    /qta/price/crmapi/product/queryProductSRoomInfo/80814.json
    /qta/price/crmapi/product/queryProductSRoomInfo/250312.json
    /qta/roomcontrol/crmapi/batch/updateStatus.json
    /qta/price/crmapi/product/queryProductSRoomInfo/21501.json
    /qta/price/crmapi/product/queryProductSRoomInfo/255250.json
    /qta/price/crmapi/product/queryProductSRoomInfo/545461.json
    /qta/price/crmapi/product/queryProductSRoomInfo/150900.json
    /qta/price/crmapi/product/queryProductSRoomInfo/9090.json
    /qta/price/crmapi/product/queryProductSRoomInfo/4931168.json
    /qta/price/crmapi/product/queryProductSRoomInfo/121314.json
    /qta/price/crmapi/product/queryProductSRoomInfo/8789396.json
    /qta/price/crmapi/product/queryProductSRoomInfo/4520081.json
    /qta/price/crmapi/product/enterPrices.json
    /qta/price/crmapi/product/queryProductSRoomInfo/474244.json
    /qta/price/crmapi/product/queryProductSRoomInfo/6935558.json
    /qta/price/crmapi/product/queryProductSRoomInfo/540694.json
    /qta/price/crmapi/product/queryProductSRoomInfo/484177.json
    /qta/price/crmapi/product/queryProductSRoomInfo/6932747.json
    /qta/price/crmapi/product/queryProductSRoomInfo/71618.json
    /qta/price/crmapi/product/queryProductSRoomInfo/43557.json
    /qta/price/crmapi/product/queryProductSRoomInfo/60281.json
    /qta/price/crmapi/product/queryProductSRoomInfo/119626.json
    /qta/price/crmapi/product/queryProductSRoomInfo/76561.json
    /qta/price/crmapi/product/queryProductSRoomInfo/69543.json
    /qta/price/crmapi/product/queryProductSRoomInfo/491056.json
    /qta/price/crmapi/product/queryProductSRoomInfo/7910780.json
    /qta/price/crmapi/product/queryProductSRoomInfo/12055.json
    /qta/price/crmapi/product/queryProductSRoomInfo/4354925.json
    /qta/price/crmapi/product/queryProductSRoomInfo/41144.json
    /qta/price/crmapi/product/queryProductSRoomInfo/2492126.json
    /qta/price/crmapi/product/queryProductSRoomInfo/86717.json
    /qta/price/crmapi/product/queryProductSRoomInfo/52822.json
    /qta/price/crmapi/product/queryProductSRoomInfo/7352987.json
    /qta/price/crmapi/product/queryProductSRoomInfo/2856848.json
    /qta/price/crmapi/product/queryProductSRoomInfo/148069.json
    /qta/price/crmapi/product/queryProductSRoomInfo/2036.json
    /qta/price/crmapi/product/queryProductSRoomInfo/3352487.json
    /qta/price/crmapi/product/queryProductSRoomInfo/603790.json
    /qta/price/crmapi/product/queryProductSRoomInfo/150225.json
    /qta/price/crmapi/product/queryProductSRoomInfo/6690911.json
    /qta/price/crmapi/product/queryProductSRoomInfo/2388182.json
    /qta/price/crmapi/product/queryProductSRoomInfo/144223.json
    /qta/price/crmapi/product/queryProductSRoomInfo/69959.json
    /qta/roomcontrol/crmapi/query.json
    /qta/price/crmapi/product/queryProductSRoomInfo/1689505.json
    /qta/price/crmapi/product/queryProductSRoomInfo/118523.json
    /qta/price/crmapi/product/queryProductSRoomInfo/1958350.json
    /qta/price/crmapi/product/queryProductSRoomInfo/261958.json
    /qta/price/crmapi/product/queryProductSRoomInfo/7867.json
    /qta/price/crmapi/product/queryProductSRoomInfo/5708684.json
    /qta/price/crmapi/product/queryProductSRoomInfo/15317.json
    /qta/price/crmapi/product/queryProductSRoomInfo/4676417.json
    /qta/price/crmapi/product/queryProductSRoomInfo/176668.json
    /qta/price/crmapi/product/queryProductSRoomInfo/88142.json
    /qta/price/crmapi/product/queryProductSRoomInfo/29763.json
    /qta/price/crmapi/product/queryProductSRoomInfo/7896086.json
    /qta/price/crmapi/product/queryProductSRoomInfo/75848.json
    /qta/price/crmapi/product/queryProductSRoomInfo/7364939.json
    /qta/price/crmapi/product/queryProductSRoomInfo/65169.json
    /qta/price/crmapi/product/queryProductSRoomInfo/93183.json
    /qta/price/crmapi/product/queryProductSRoomInfo/36301.json
    /qta/price/crmapi/product/queryProductSRoomInfo/491314.json
    /qta/price/crmapi/product/queryProductSRoomInfo/94006.json
    /qta/price/crmapi/product/queryProductSRoomInfo/5926652.json
    /qta/price/crmapi/product/queryProductSRoomInfo/1443127.json
    /qta/price/crmapi/product/queryProductSRoomInfo/2114002.json
    /qta/price/crmapi/product/queryProductSRoomInfo/46857.json
    /qta/price/crmapi/product/queryProductSRoomInfo/193630.json
    /qta/price/crmapi/product/queryProductSRoomInfo/199165.json
    /qta/price/crmapi/product/queryProductSRoomInfo/254602.json
    /qta/price/crmapi/product/queryProductSRoomInfo/2335136.json
    /qta/price/crmapi/product/queryProductSRoomInfo/6685310.json
    /qta/price/crmapi/product/queryProductSRoomInfo/5673524.json
    /qta/price/crmapi/product/queryProductSRoomInfo/206185.json
    /qta/price/crmapi/product/queryProductSRoomInfo/5642597.json
    /qta/price/crmapi/product/queryProductSRoomInfo/2489921.json
    /qta/price/crmapi/product/queryProductSRoomInfo/173235.json
    /qta/price/crmapi/product/queryProductSRoomInfo/187715.json
    /qta/price/crmapi/product/queryProductSRoomInfo/117692.json
    /qta/price/crmapi/product/queryProductSRoomInfo/112110.json
    /qta/price/crmapi/product/queryProductSRoomInfo/225320.json
    /qta/price/crmapi/product/queryProductSRoomInfo/70938.json
    /qta/price/crmapi/product/queryProductSRoomInfo/62405.json
    /qta/price/crmapi/product/queryProductSRoomInfo/1435405.json
    /qta/price/crmapi/product/queryProductSRoomInfo/1462045.json
    /qta/price/crmapi/product/queryProductSRoomInfo/601234.json
    /qta/price/crmapi/product/queryProductSRoomInfo/62322.json
    /qta/price/crmapi/product/queryProductSRoomInfo/3763151.json
    /qta/price/crmapi/product/queryProductSRoomInfo/1825033.json
    /qta/price/crmapi/product/queryProductSRoomInfo/17090.json
    /qta/price/crmapi/product/queryProductSRoomInfo/7327301.json
    /qta/price/crmapi/product/queryProductSRoomInfo/7322252.json
    /qta/price/crmapi/product/queryProductSRoomInfo/124828.json
    /qta/price/crmapi/product/queryProductSRoomInfo/8151671.json
    /qta/price/crmapi/product/queryProductSRoomInfo/4761797.json
    /qta/price/crmapi/product/queryProductSRoomInfo/1605259.json
    /qta/price/crmapi/product/queryProductSRoomInfo/1076413.json
    /qta/roomcontrol/crmapi/room/updateCount.json
    /qta/price/crmapi/product/queryProductSRoomInfo/1316.json
    /qta/price/crmapi/product/queryProductSRoomInfo/3363218.json
    /qta/price/crmapi/product/queryProductSRoomInfo/148086.json
    /qta/price/crmapi/product/queryProductSRoomInfo/80692.json
    /qta/price/crmapi/product/queryProductSRoomInfo/532888.json
    /qta/price/crmapi/product/queryProductSRoomInfo/105469.json
    /qta/price/crmapi/product/queryProductSRoomInfo/21711.json
    /qta/price/crmapi/product/queryProductSRoomInfo/6940793.json
    /qta/price/crmapi/product/queryProductSRoomInfo/532657.json
    /qta/price/crmapi/product/queryProductSRoomInfo/99642.json
    /qta/price/crmapi/product/queryProductSRoomInfo/5673494.json
    /qta/price/crmapi/product/queryProductSRoomInfo/66088.json
    /qta/price/crmapi/product/queryProductSRoomInfo/71239.json
    /qta/price/crmapi/product/queryProductSRoomInfo/96323.json
    /qta/price/crmapi/product/queryProductSRoomInfo/26131.json
    /qta/price/crmapi/product/queryProductSRoomInfo/148886.json
    /qta/price/crmapi/product/queryProductSRoomInfo/1831060.json
    /qta/price/crmapi/product/queryProductSRoomInfo/16135.json
    /qta/price/crmapi/product/queryProductSRoomInfo/8128361.json
    /qta/price/crmapi/product/queryProductSRoomInfo/546136.json
    /qta/price/crmapi/product/queryProductSRoomInfo/215897.json
    /qta/price/crmapi/product/queryProductSRoomInfo/73511.json
    /qta/price/crmapi/product/queryProductSRoomInfo/672.json
    /qta/price/crmapi/product/queryProductSRoomInfo/285220.json
    /qta/price/crmapi/product/queryProductSRoomInfo/2545250.json
    /qta/price/crmapi/product/queryProductSRoomInfo/6445613.json
    /qta/price/crmapi/product/queryProductSRoomInfo/491089.json
    /qta/price/crmapi/product/queryProductSRoomInfo/69763.json
    /qta/price/crmapi/product/queryProductSRoomInfo/8172320.json
    /qta/price/crmapi/product/queryProductSRoomInfo/7022054.json
    /qta/price/crmapi/product/queryProductSRoomInfo/116289.json
    /qta/price/crmapi/product/queryProductSRoomInfo/349918.json
    /qta/price/crmapi/product/queryProductSRoomInfo/242404.json
    /qta/price/crmapi/product/queryProductSRoomInfo/120019.json
    /qta/price/crmapi/product/queryProductSRoomInfo/12388.json
    /qta/price/crmapi/product/queryProductSRoomInfo/8110139.json
    /qta/price/crmapi/product/fastUpdatePrice.json
    /qta/price/crmapi/product/queryProductSRoomInfo/90913.json
    /qta/price/crmapi/product/queryProductSRoomInfo/7268513.json
    /qta/price/crmapi/product/queryProductSRoomInfo/542800.json
    /qta/price/crmapi/product/queryProductSRoomInfo/1329646.json
    /qta/price/crmapi/product/queryProductSRoomInfo/1849021.json
    /qta/price/crmapi/product/queryProductSRoomInfo/66862.json
    /qta/price/crmapi/product/queryProductSRoomInfo/7902356.json
    /qta/price/crmapi/product/queryProductSRoomInfo/1056262.json
    /qta/price/crmapi/product/queryProductSRoomInfo/55922.json
    /qta/price/crmapi/product/queryProductSRoomInfo/42079.json
    /qta/price/crmapi/product/queryProductSRoomInfo/277786.json
    /qta/roomcontrol/crmapi/product/updateCount.json
    /qta/price/crmapi/product/queryProductSRoomInfo/110719.json
    /qta/price/crmapi/product/queryProductSRoomInfo/79244.json
    /qta/price/crmapi/product/queryProductSRoomInfo/99668.json
    /qta/baseinfo/crmapi/shotel/search.json
    /qta/price/crmapi/product/queryProductSRoomInfo/69579.json
    /qta/price/crmapi/product/queryProductSRoomInfo/475360.json
    /qta/price/crmapi/product/queryProductSRoomInfo/87823.json
    /qta/price/crmapi/product/queryProductSRoomInfo/84252.json
    /qta/roomcontrol/crmapi/batch/updateInstantSet.json
    /qta/price/crmapi/product/queryProductSRoomInfo/5675714.json
    /qta/price/crmapi/product/queryProductSRoomInfo/172533.json
    /qta/price/crmapi/product/queryProductSRoomInfo/38133.json
    /qta/price/crmapi/product/queryProductSRoomInfo/11604.json
    /qta/price/crmapi/product/queryProductSRoomInfo/172164.json
    /qta/price/crmapi/product/queryProductSRoomInfo/7685.json
    /qta/price/crmapi/product/queryProductSRoomInfo/39022.json
    /qta/price/crmapi/product/updatePrice.json
    /qta/price/crmapi/product/queryProductSRoomInfo/97960.json
    /qta/price/crmapi/product/queryProductSRoomInfo/170679.json
    /qta/price/crmapi/product/queryProductSRoomInfo/4938578.json
    /qta/price/crmapi/product/queryProductSRoomInfo/171329.json
    /qta/price/crmapi/product/queryProductSRoomInfo/260404.json
    /qta/price/crmapi/product/queryProductSRoomInfo/488407.json
    /qta/price/crmapi/product/queryProductSRoomInfo/55447.json
    /qta/price/crmapi/product/queryProductSRoomInfo/77381.json
    /qta/price/crmapi/product/queryProductSRoomInfo/74877.json
    /qta/price/crmapi/product/queryProductSRoomInfo/2745.json
    /qta/price/crmapi/product/queryProductSRoomInfo/107941.json
    /qta/price/crmapi/product/queryProductSRoomInfo/261766.json
    /qta/price/crmapi/product/queryProductSRoomInfo/61021.json
    /qta/price/crmapi/product/queryProductSRoomInfo/1825966.json
    /qta/price/crmapi/product/queryProductSRoomInfo/148522.json
    /qta/price/crmapi/product/queryProductSRoomInfo/85995.json
    /qta/price/crmapi/product/queryProductSRoomInfo/188662.json
    /qta/price/crmapi/product/queryProductSRoomInfo/7310864.json
    /qta/price/crmapi/product/queryProductSRoomInfo/309973.json
    /qta/price/crmapi/product/queryProductSRoomInfo/5295386.json
    /qta/price/crmapi/product/queryProductSRoomInfo/117007.json
    /qta/price/crmapi/product/queryProductSRoomInfo/12417.json
    /qta/price/crmapi/product/queryProductSRoomInfo/123983.json
    /qta/price/crmapi/product/queryProductSRoomInfo/2487464.json
    /qta/price/crmapi/product/queryProductSRoomInfo/520360.json
    /qta/price/crmapi/product/queryProductSRoomInfo/15160.json
    /qta/price/crmapi/product/queryProductSRoomInfo/70657.json
    /qta/price/crmapi/product/queryProductSRoomInfo/1539448.json
    /qta/price/crmapi/product/queryProductSRoomInfo/387586.json
    /qta/price/crmapi/product/queryProductSRoomInfo/166254.json
    /qta/price/crmapi/product/queryProductSRoomInfo/168793.json
    /qta/price/crmapi/product/queryProductSRoomInfo/6454712.json
    /qta/price/crmapi/product/queryProductSRoomInfo/5155847.json
    /qta/price/crmapi/product/queryProductSRoomInfo/1298.json
    /qta/price/crmapi/product/queryProductSRoomInfo/41677.json
    /qta/price/crmapi/product/queryProductSRoomInfo/86563.json
    /qta/price/crmapi/product/queryProductSRoomInfo/112653.json
    /qta/price/crmapi/product/queryProductSRoomInfo/280984.json
    /qta/price/crmapi/product/queryProductSRoomInfo/72478.json
    /qta/price/crmapi/product/queryProductSRoomInfo/31435.json
    /qta/price/crmapi/product/queryProductSRoomInfo/75110.json
    /qta/price/crmapi/product/queryProductSRoomInfo/249931.json
    /qta/price/crmapi/product/queryProductSRoomInfo/123013.json
    /qta/price/crmapi/product/queryProductSRoomInfo/226250.json
    /qta/price/crmapi/product/queryProductSRoomInfo/1536595.json
    /qta/price/crmapi/product/queryProductSRoomInfo/10675.json
    /qta/price/crmapi/product/queryProductSRoomInfo/53905.json
    /qta/price/crmapi/product/queryProductSRoomInfo/7352789.json
    /qta/price/crmapi/product/queryProductSRoomInfo/6029.json
    /qta/price/crmapi/product/queryProductSRoomInfo/5694116.json
    /qta/price/crmapi/product/queryProductSRoomInfo/4739477.json
    /qta/price/crmapi/product/queryProductSRoomInfo/531511.json
    /qta/price/crmapi/product/queryProductSRoomInfo/57303.json
    /qta/price/crmapi/product/queryProductSRoomInfo/62083.json
    /qta/price/crmapi/product/queryProductSRoomInfo/2366267.json
    /qta/price/crmapi/product/queryProductSRoomInfo/1391455.json
    /qta/price/crmapi/product/queryProductSRoomInfo/13390.json
    /qta/price/crmapi/product/queryProductSRoomInfo/21050.json
    /qta/price/crmapi/product/queryProductSRoomInfo/255838.json
    /qta/price/crmapi/product/queryProductSRoomInfo/7352960.json
    /qta/price/crmapi/product/queryProductSRoomInfo/1179244.json
    /qta/price/crmapi/product/queryProductSRoomInfo/55440.json
    /qta/price/crmapi/product/queryProductSRoomInfo/347668.json
    /qta/price/crmapi/product/queryProductSRoomInfo/5156879.json
    /qta/price/crmapi/product/queryHistoryPrice.json
    /qta/price/crmapi/product/queryProductSRoomInfo/5654093.json
    /qta/price/crmapi/product/queryProductSRoomInfo/7910948.json
    /qta/price/crmapi/product/queryProductSRoomInfo/172603.json
    /qta/price/crmapi/product/queryProductSRoomInfo/7271774.json
    /qta/price/crmapi/product/queryProductSRoomInfo/66041.json
    /qta/price/crmapi/product/queryProductSRoomInfo/83986.json
    /qta/price/crmapi/product/queryProductSRoomInfo/5525906.json
    /qta/price/crmapi/product/queryProductSRoomInfo/7902374.json
    /qta/price/crmapi/product/queryProductSRoomInfo/7320461.json
    /qta/price/crmapi/product/queryProductSRoomInfo/71878.json
    /qta/price/crmapi/product/queryProductSRoomInfo/173653.json
    /qta/price/crmapi/product/queryProductSRoomInfo/75635.json
    /qta/price/crmapi/product/queryProductSRoomInfo/4787588.json
    /qta/price/crmapi/product/queryProductSRoomInfo/196128.json
    /qta/price/crmapi/product/queryProductSRoomInfo/474202.json
    /qta/price/crmapi/product/queryProductSRoomInfo/24051.json
    /qta/price/crmapi/product/queryProductSRoomInfo/3801869.json
    /qta/price/crmapi/product/queryProductSRoomInfo/4805951.json
    /qta/price/crmapi/product/queryProductSRoomInfo/253342.json
    /qta/price/crmapi/product/queryProductSRoomInfo/153608.json
    /qta/price/crmapi/product/queryProductSRoomInfo/61407.json
    /qta/price/crmapi/product/queryProductSRoomInfo/121750.json
    /qta/price/crmapi/product/queryProducts.json
    /qta/price/crmapi/product/queryProductSRoomInfo/208722.json
    /qta/price/crmapi/product/queryProductSRoomInfo/1536748.json
    /qta/price/crmapi/product/queryProductSRoomInfo/8386637.json
    /qta/price/crmapi/product/queryProductSRoomInfo/202888.json
    /qta/price/crmapi/product/queryProductSRoomInfo/13637.json
    /qta/price/crmapi/product/queryProductSRoomInfo/8110112.json
    /qta/price/crmapi/product/queryProductSRoomInfo/183323.json
    /qta/price/crmapi/product/queryProductSRoomInfo/66275.json
    /qta/price/crmapi/product/queryProductSRoomInfo/111980.json
    /qta/price/crmapi/product/queryProductSRoomInfo/85313.json
    /qta/price/crmapi/product/queryProductSRoomInfo/270382.json
    /qta/price/crmapi/product/queryProductSRoomInfo/120965.json
    /qta/price/crmapi/product/queryProductSRoomInfo/85274.json
    /qta/price/crmapi/product/queryProductSRoomInfo/230029.json
    /qta/price/crmapi/product/queryProductSRoomInfo/8668250.json
    /qta/price/crmapi/product/queryProductSRoomInfo/7326932.json
    /qta/price/crmapi/product/queryProductSRoomInfo/147077.json
    /qta/price/crmapi/product/queryProductSRoomInfo/239399.json
    /qta/price/crmapi/product/queryProductSRoomInfo/112900.json
    /qta/price/crmapi/product/queryProductSRoomInfo/119493.json
    /qta/price/crmapi/product/queryProductSRoomInfo/52629.json
    /qta/price/crmapi/product/queryProductSRoomInfo/117239.json
    /qta/baseinfo/crmapi/shotel/detail.json
    /qta/price/crmapi/product/queryProductSRoomInfo/2046127.json
    /qta/price/crmapi/product/queryProductSRoomInfo/2523203.json
    /qta/price/crmapi/product/queryProductSRoomInfo/7353134.json
    /qta/price/crmapi/product/queryProductSRoomInfo/536044.json
    /qta/price/crmapi/product/queryProductSRoomInfo/56628.json
    /qta/price/crmapi/product/queryProductSRoomInfo/4736405.json
    /qta/price/crmapi/product/queryProductSRoomInfo/7530266.json
    /qta/price/crmapi/product/queryProductSRoomInfo/7910558.json
    /qta/price/crmapi/product/queryProductSRoomInfo/1898623.json
    /qta/price/crmapi/product/queryProductSRoomInfo/14867.json
    /qta/price/crmapi/product/queryProductSRoomInfo/2393420.json
    /qta/price/crmapi/product/queryProductSRoomInfo/84696.json
    /qta/price/crmapi/product/queryProductSRoomInfo/146849.json
    /qta/price/crmapi/product/queryProductSRoomInfo/7271411.json
    /qta/price/crmapi/product/queryProductSRoomInfo/72240.json
    /qta/price/crmapi/product/queryProductSRoomInfo/176907.json
    /qta/price/crmapi/product/queryProductSRoomInfo/4786742.json
    /qta/price/crmapi/product/queryProductSRoomInfo/227407.json
    /qta/price/crmapi/product/queryProductSRoomInfo/71127.json
    /qta/price/crmapi/product/queryProductSRoomInfo/7309319.json
    /qta/price/crmapi/product/queryProductSRoomInfo/1441669.json
    /qta/price/crmapi/product/queryProductSRoomInfo/6688433.json
    /qta/price/crmapi/product/queryProductSRoomInfo/4248254.json
    /qta/price/crmapi/product/queryProductSRoomInfo/542425.json
    /qta/price/crmapi/product/queryProductSRoomInfo/80400.json
    /qta/price/crmapi/product/queryProductSRoomInfo/201783.json
    /qta/price/crmapi/product/queryProductSRoomInfo/6934094.json
    /qta/price/crmapi/product/queryProductSRoomInfo/216715.json
    /qta/price/crmapi/product/queryProductSRoomInfo/5695403.json
    /qta/price/crmapi/product/queryProductSRoomInfo/86689.json
    /qta/price/crmapi/product/queryProductSRoomInfo/2551823.json
    /qta/price/crmapi/product/queryProductSRoomInfo/254944.json
    /qta/price/crmapi/product/queryProductSRoomInfo/5925044.json
    /qta/price/crmapi/product/queryProductSRoomInfo/1214416.json
    /qta/price/crmapi/product/queryProductSRoomInfo/80184.json
    /qta/price/crmapi/product/queryProductSRoomInfo/66411.json
    /qta/price/crmapi/product/queryProductSRoomInfo/91377.json
    /qta/price/crmapi/product/queryProductSRoomInfo/5643527.json
    /qta/price/crmapi/product/queryProductSRoomInfo/70525.json
    /qta/price/crmapi/product/queryProductSRoomInfo/2425955.json
    /qta/price/crmapi/product/queryProductSRoomInfo/49682.json
    /qta/price/crmapi/product/queryProductSRoomInfo/615307.json
    /qta/price/crmapi/product/queryProductSRoomInfo/5647499.json
    /qta/price/crmapi/product/queryProductSRoomInfo/55217.json
    /qta/price/crmapi/product/queryProductSRoomInfo/2532098.json
    /qta/price/crmapi/product/queryProductSRoomInfo/147473.json
    /qta/price/crmapi/product/queryProductSRoomInfo/123372.json
    /qta/price/crmapi/product/queryProductSRoomInfo/279160.json
    /qta/price/crmapi/product/queryProductSRoomInfo/32906.json
    /qta/price/crmapi/product/queryProductSRoomInfo/144170.json
    /qta/price/crmapi/product/queryProductSRoomInfo/5653520.json
    /qta/price/crmapi/product/queryProductSRoomInfo/1879918.json
    /qta/price/crmapi/product/queryProductSRoomInfo/248101.json
    /qta/price/crmapi/product/queryProductSRoomInfo/2103361.json
    /qta/price/crmapi/product/queryProductSRoomInfo/1191433.json
    /qta/price/crmapi/product/queryProductSRoomInfo/202108.json
    /qta/price/crmapi/product/queryProductSRoomInfo/1440781.json
    /qta/price/crmapi/product/queryProductSRoomInfo/4807226.json
    /qta/price/crmapi/product/queryProductSRoomInfo/19654.json
    /qta/price/crmapi/product/queryProductSRoomInfo/1464397.json
    /qta/price/crmapi/product/queryProductSRoomInfo/130086.json
    /qta/price/crmapi/product/queryProductSRoomInfo/7323119.json
    /qta/price/crmapi/product/queryProductSRoomInfo/2528735.json
    /qta/price/crmapi/product/queryProductSRoomInfo/117247.json
    /qta/price/crmapi/product/queryProductSRoomInfo/107335.json
    /qta/price/crmapi/product/queryProductSRoomInfo/5588597.json
    /qta/price/crmapi/product/queryProductSRoomInfo/196101.json
    /qta/price/crmapi/product/queryProductSRoomInfo/82017.json
    /qta/price/crmapi/product/queryProductSRoomInfo/106640.json
    /qta/price/crmapi/product/queryProductSRoomInfo/284125.json
    /qta/price/crmapi/product/queryProductSRoomInfo/175356.json
    /qta/price/crmapi/product/queryProductSRoomInfo/616090.json
    /qta/price/crmapi/product/queryProductSRoomInfo/283228.json
    /qta/price/crmapi/product/queryProductSRoomInfo/5694395.json
    /qta/price/crmapi/product/queryProductSRoomInfo/110792.json
    /qta/price/crmapi/product/queryProductSRoomInfo/173995.json
    /qta/price/crmapi/product/queryProductSRoomInfo/91732.json
    /qta/price/crmapi/product/queryProductSRoomInfo/33442.json
    /qta/price/crmapi/product/queryProductSRoomInfo/54079.json
    /qta/price/crmapi/product/queryProductSRoomInfo/1093522.json
    /qta/price/crmapi/product/queryProductSRoomInfo/173876.json
    /qta/price/crmapi/product/queryProductSRoomInfo/106067.json
    /qta/price/crmapi/product/queryProductSRoomInfo/67379.json
    /qta/price/crmapi/product/queryProductSRoomInfo/73230.json
    /qta/price/crmapi/product/queryProductSRoomInfo/1838128.json
    /qta/price/crmapi/product/queryProductSRoomInfo/7355468.json
    /qta/price/crmapi/product/queryProductSRoomInfo/107521.json
    /qta/price/crmapi/product/queryProductSRoomInfo/491458.json
    /qta/roomcontrol/crmapi/batch/updateProductCount.json
    /qta/price/crmapi/product/queryProductSRoomInfo/29436.json
    /qta/price/crmapi/product/queryProductSRoomInfo/254131.json
    /qta/price/crmapi/product/queryProductSRoomInfo/5588333.json
    /qta/price/crmapi/product/queryProductSRoomInfo/1254658.json
    /qta/price/crmapi/product/queryProductSRoomInfo/5643476.json
    /qta/price/crmapi/product/queryProductSRoomInfo/68155.json
    /qta/price/crmapi/product/queryProductSRoomInfo/28434.json
    /qta/price/crmapi/product/queryProductSRoomInfo/275779.json
    /qta/price/crmapi/product/queryProductSRoomInfo/1439524.json
    /qta/price/crmapi/product/queryProductSRoomInfo/58012.json
    /qta/price/crmapi/product/queryProductSRoomInfo/65130.json
    /qta/price/crmapi/product/queryProductSRoomInfo/15756.json
    /qta/price/crmapi/product/queryProductSRoomInfo/10738.json
    /qta/price/crmapi/product/queryProductSRoomInfo/7263563.json
    /qta/roomcontrol/crmapi/batch/updateStatusByDate.json
    /qta/price/crmapi/product/queryProductSRoomInfo/89155.json
    /qta/price/crmapi/product/queryProductSRoomInfo/222006.json
    /qta/price/crmapi/product/queryProductSRoomInfo/110956.json
    /qta/price/crmapi/product/queryProductSRoomInfo/593.json
    /qta/price/crmapi/product/queryProductSRoomInfo/9923.json
    /qta/price/crmapi/product/queryProductSRoomInfo/88266.json
    /qta/price/crmapi/product/queryProductSRoomInfo/196808.json
    /qta/price/crmapi/product/queryProductSRoomInfo/454708.json
    /qta/price/crmapi/product/queryProductSRoomInfo/68833.json
    /qta/price/crmapi/product/queryProductSRoomInfo/1115353.json
    /qta/price/crmapi/product/queryProductSRoomInfo/522571.json
    /qta/price/crmapi/product/queryProductSRoomInfo/253600.json
    /qta/price/crmapi/product/queryProductSRoomInfo/480787.json
    /qta/price/crmapi/product/queryProductSRoomInfo/13827.json
    /qta/price/crmapi/product/queryProductSRoomInfo/43433.json
    /qta/price/crmapi/product/queryProductSRoomInfo/4711388.json
    /qta/price/crmapi/product/queryProductSRoomInfo/177795.json
    /qta/roomcontrol/crmapi/batch/updateRoomCount.json
    /qta/price/crmapi/product/queryProductSRoomInfo/1094059.json
    /qta/price/crmapi/product/queryProductSRoomInfo/260866.json
    /qta/price/crmapi/product/queryProductSRoomInfo/600787.json
    /qta/price/crmapi/product/queryProductSRoomInfo/7309106.json
    /qta/price/crmapi/product/queryProductSRoomInfo/169224.json
    /qta/price/crmapi/product/queryProductSRoomInfo/5005277.json
    /qta/price/crmapi/product/queryProductSRoomInfo/7271768.json
    /qta/price/crmapi/product/queryProductSRoomInfo/2649446.json
    /qta/price/crmapi/product/queryProductSRoomInfo/99690.json
    /qta/price/crmapi/product/queryProductSRoomInfo/62945.json
    /qta/price/crmapi/product/queryProductSRoomInfo/1287079.json
    /qta/price/crmapi/product/queryProductSRoomInfo/7269794.json
    /qta/price/crmapi/product/queryProductSRoomInfo/1525555.json
    /qta/price/crmapi/product/queryProductSRoomInfo/174990.json
    /qta/price/crmapi/product/queryProductSRoomInfo/1149601.json
    /qta/price/crmapi/product/queryProductSRoomInfo/275278.json
    /qta/price/crmapi/product/queryProductSRoomInfo/490456.json
    /qta/price/crmapi/product/queryProductSRoomInfo/2346782.json
    /qta/price/crmapi/product/queryProductSRoomInfo/7312118.json
    /qta/price/crmapi/product/queryProductSRoomInfo/8119319.json
    /qta/price/crmapi/product/queryProductSRoomInfo/89457.json
    /qta/price/crmapi/product/queryProductSRoomInfo/6445664.json
    /qta/price/crmapi/product/queryProductSRoomInfo/53613.json
    /qta/price/crmapi/product/queryProductSRoomInfo/2393351.json
    /qta/price/crmapi/product/queryProductSRoomInfo/274618.json
    /qta/price/crmapi/product/queryProductSRoomInfo/208397.json
    /qta/price/crmapi/product/queryProductSRoomInfo/53658.json
    /qta/price/crmapi/product/queryProductSRoomInfo/129313.json
    /qta/price/crmapi/product/queryProductSRoomInfo/1092283.json
    /qta/price/crmapi/product/queryProductSRoomInfo/88302.json
    /qta/price/crmapi/product/queryProductSRoomInfo/52729.json
    /qta/price/crmapi/product/queryProductSRoomInfo/2503370.json
    /qta/price/crmapi/product/queryProductSRoomInfo/7314743.json
    /qta/price/crmapi/product/queryProductSRoomInfo/236837.json
    /qta/price/crmapi/product/queryProductSRoomInfo/534652.json
    /qta/price/crmapi/product/queryProductSRoomInfo/1685242.json
    /qta/price/crmapi/product/queryProductSRoomInfo/2439209.json
    /qta/price/crmapi/product/queryProductSRoomInfo/14202.json
    /qta/price/crmapi/product/queryProductSRoomInfo/176093.json
    /qta/price/crmapi/product/queryProductSRoomInfo/226952.json
    /qta/price/crmapi/product/queryProductSRoomInfo/50654.json
    /qta/price/crmapi/product/queryProductSRoomInfo/274402.json
    /qta/price/crmapi/product/queryProductSRoomInfo/535651.json
    /qta/price/crmapi/product/queryProductSRoomInfo/2011687.json
    /qta/price/crmapi/product/queryProductSRoomInfo/5654948.json
    /qta/price/crmapi/product/queryProductSRoomInfo/115276.json
    /qta/price/crmapi/product/queryProductSRoomInfo/102995.json
    /qta/price/crmapi/product/queryProductSRoomInfo/9255.json
    /qta/price/crmapi/product/queryProductSRoomInfo/18793.json
    /qta/price/crmapi/product/queryProductSRoomInfo/29215.json
    /qta/price/crmapi/product/queryProductSRoomInfo/462.json
    /qta/price/crmapi/product/queryProductSRoomInfo/279103.json
    /qta/price/crmapi/product/queryProductSRoomInfo/2503520.json
    /qta/price/crmapi/product/queryProductSRoomInfo/4941422.json
    /qta/price/crmapi/product/queryProductSRoomInfo/94242.json
    /qta/price/crmapi/product/queryProductSRoomInfo/1563.json
    /qta/price/crmapi/product/queryProductSRoomInfo/7323347.json
    /qta/price/crmapi/product/queryProductSRoomInfo/147130.json
    /qta/price/crmapi/product/queryProductSRoomInfo/147727.json
    /qta/price/crmapi/product/queryProductSRoomInfo/101380.json
    /qta/price/crmapi/product/queryProductSRoomInfo/2531612.json
    /qta/price/crmapi/product/queryProductSRoomInfo/278737.json
    /qta/price/crmapi/product/queryProductSRoomInfo/474934.json
    /qta/price/crmapi/product/queryProductSRoomInfo/73044.json
    /qta/price/crmapi/product/queryProductSRoomInfo/7896107.json
    /qta/price/crmapi/product/queryProductSRoomInfo/6704.json
    /qta/price/crmapi/product/queryProductSRoomInfo/74669.json
    /qta/price/crmapi/product/queryProductSRoomInfo/83480.json
    /qta/price/crmapi/product/queryProductSRoomInfo/2710892.json
    /qta/price/crmapi/product/queryProductSRoomInfo/85248.json
    /qta/price/crmapi/product/queryProductSRoomInfo/276241.json
    /qta/price/crmapi/product/queryProductSRoomInfo/63857.json
    /qta/price/crmapi/product/queryProductSRoomInfo/254317.json
    /qta/price/crmapi/product/queryProductSRoomInfo/261013.json
    /qta/price/crmapi/product/queryProductSRoomInfo/220731.json
    /qta/price/crmapi/product/queryProductSRoomInfo/6935300.json
    /qta/price/crmapi/product/queryProductSRoomInfo/258853.json
    /qta/price/crmapi/product/queryProductSRoomInfo/73604.json
    /qta/price/crmapi/product/queryProductSRoomInfo/84382.json
    /qta/price/crmapi/product/queryProductSRoomInfo/146549.json
    /qta/price/crmapi/product/queryProductSRoomInfo/5122.json
    /qta/price/crmapi/product/queryProductSRoomInfo/229878.json
    /qta/price/crmapi/product/queryProductSRoomInfo/6459497.json
    /qta/price/crmapi/product/queryProductSRoomInfo/166383.json
    /qta/price/crmapi/product/queryProductSRoomInfo/146801.json
    /qta/price/crmapi/product/queryProductSRoomInfo/7016213.json
    /qta/price/crmapi/product/queryProductSRoomInfo/615046.json
    /qta/price/crmapi/product/queryProductSRoomInfo/7896356.json
    /qta/price/crmapi/product/queryProductSRoomInfo/358813.json
    /qta/price/crmapi/product/queryProductSRoomInfo/227926.json
    /qta/price/crmapi/product/queryProductSRoomInfo/4316009.json
    /qta/price/crmapi/product/queryProductSRoomInfo/21036.json
    /qta/price/crmapi/product/queryProductSRoomInfo/60600.json
    /qta/price/crmapi/product/queryProductSRoomInfo/72565.json
    /qta/price/crmapi/product/queryProductSRoomInfo/2421782.json
    /qta/price/crmapi/product/queryProductSRoomInfo/221419.json
    /qta/price/crmapi/product/queryProductSRoomInfo/2444717.json
    /qta/price/crmapi/product/queryProductSRoomInfo/77093.json
    /qta/price/crmapi/product/queryProductSRoomInfo/489046.json
    /qta/price/crmapi/product/queryProductSRoomInfo/41362.json
    /qta/price/crmapi/product/queryProductSRoomInfo/29748.json
    /qta/price/crmapi/product/queryProductSRoomInfo/4611272.json
    /qta/price/crmapi/product/queryProductSRoomInfo/1977724.json
    /qta/price/crmapi/product/queryProductSRoomInfo/59688.json
    /qta/price/crmapi/product/queryProductSRoomInfo/106584.json
    /qta/price/crmapi/product/queryProductSRoomInfo/3774446.json
    /qta/price/crmapi/product/queryProductSRoomInfo/147908.json
    /qta/price/crmapi/product/queryProductSRoomInfo/529357.json
    /qta/price/crmapi/product/queryProductSRoomInfo/1442494.json
    /qta/price/crmapi/product/queryProductSRoomInfo/79368.json
    /qta/price/crmapi/product/queryProductSRoomInfo/1439452.json
    /qta/price/crmapi/product/queryProductSRoomInfo/8643005.json
    /qta/price/crmapi/product/queryProductSRoomInfo/4326638.json
    /qta/price/crmapi/product/queryProductSRoomInfo/98770.json
    /qta/price/crmapi/product/queryProductSRoomInfo/117750.json
    /qta/price/crmapi/product/queryProductSRoomInfo/209037.json
    /qta/price/crmapi/product/queryProductSRoomInfo/1406785.json
    /qta/price/crmapi/product/queryProductSRoomInfo/480118.json
    /qta/price/crmapi/product/queryProductSRoomInfo/493354.json
    /qta/price/crmapi/product/queryProductSRoomInfo/77794.json
    /qta/price/crmapi/product/queryProductSRoomInfo/8150486.json
    /qta/price/crmapi/product/queryProductSRoomInfo/58334.json
    /qta/price/crmapi/product/queryProductSRoomInfo/200689.json
    /qta/price/crmapi/product/queryProductSRoomInfo/6458390.json
    /qta/price/crmapi/product/queryProductSRoomInfo/8821.json
    /qta/price/crmapi/product/queryProductSRoomInfo/178815.json
    /qta/price/crmapi/product/queryProductSRoomInfo/59889.json
    /qta/price/crmapi/product/queryProductSRoomInfo/68257.json
    /qta/price/crmapi/product/queryProductSRoomInfo/8148908.json
    /qta/price/crmapi/product/queryProductSRoomInfo/607321.json
    /qta/price/crmapi/product/queryProductSRoomInfo/533215.json
    /qta/price/crmapi/product/queryProductSRoomInfo/2591612.json
    /qta/price/crmapi/product/queryProductSRoomInfo/21777.json
    /qta/price/crmapi/product/queryProductSRoomInfo/16598.json
    /qta/price/crmapi/product/queryProductSRoomInfo/70463.json
    /qta/price/crmapi/product/queryProductSRoomInfo/2339576.json
    /qta/price/crmapi/product/queryProductSRoomInfo/8639024.json
    /qta/price/crmapi/product/queryProductSRoomInfo/1656412.json
    /qta/price/crmapi/product/queryProductSRoomInfo/6402305.json
    /qta/price/crmapi/product/queryProductSRoomInfo/78522.json
    /qta/price/crmapi/product/queryProductSRoomInfo/19142.json
    /qta/price/crmapi/product/queryProductSRoomInfo/25147.json
    /qta/price/crmapi/product/queryProductSRoomInfo/61032.json
    /qta/price/crmapi/product/queryProductSRoomInfo/17364.json
    /qta/price/crmapi/product/queryProductSRoomInfo/75865.json
    /qta/price/crmapi/product/queryProductSRoomInfo/195828.json
    /qta/price/crmapi/product/queryProductSRoomInfo/147544.json
    /qta/price/crmapi/product/queryProductSRoomInfo/148785.json
    /qta/price/crmapi/product/queryProductSRoomInfo/130167.json
    /qta/price/crmapi/product/queryProductSRoomInfo/54989.json
    /qta/price/crmapi/product/queryProductSRoomInfo/5708585.json
    /qta/price/crmapi/product/queryProductSRoomInfo/146645.json
    /qta/price/crmapi/product/queryProductSRoomInfo/37903.json
    /qta/price/crmapi/product/queryProductSRoomInfo/110374.json
    /qta/price/crmapi/product/queryProductSRoomInfo/88430.json
    /qta/price/crmapi/product/queryProductSRoomInfo/83437.json
    /qta/price/crmapi/product/queryProductSRoomInfo/7016318.json
    /qta/price/crmapi/product/queryProductSRoomInfo/249940.json
    /qta/price/crmapi/product/queryProductSRoomInfo/268711.json
    /qta/price/crmapi/product/queryProductSRoomInfo/2048824.json
    /qta/price/crmapi/product/queryProductSRoomInfo/4746182.json
    /qta/price/crmapi/product/queryProductSRoomInfo/539.json
    /qta/price/crmapi/product/queryProductSRoomInfo/3952409.json
    /qta/price/crmapi/product/queryProductSRoomInfo/348910.json
    /qta/price/crmapi/product/queryProductSRoomInfo/60997.json
    /qta/price/crmapi/product/queryProductSRoomInfo/2031844.json
    /qta/price/crmapi/product/queryProductSRoomInfo/7323257.json
    /qta/price/crmapi/product/queryProductSRoomInfo/263419.json
    /qta/price/crmapi/product/queryProductSRoomInfo/5023352.json
    /qta/price/crmapi/product/queryProductSRoomInfo/102156.json
    /qta/price/crmapi/product/queryProductSRoomInfo/149214.json
    /qta/price/crmapi/product/queryProductSRoomInfo/2512004.json
    /qta/price/crmapi/product/queryProductSRoomInfo/135411.json
    /qta/price/crmapi/product/queryProductSRoomInfo/258067.json
    /qta/price/crmapi/product/queryProductSRoomInfo/7271072.json
    /qta/price/crmapi/product/queryProductSRoomInfo/613027.json
    /qta/price/crmapi/product/queryProductSRoomInfo/1439392.json
_
    /_/jarinfo
visitrecord
    /visitrecord/updateVisitRecordNew.htm
    /visitrecord/addVisitRecordNew.htm
    /visitrecord/queryVisitRecordForPage.htm
    /visitrecord/suggestAccompanyVisitUsers.json
hotel114.html
    /hotel114.html
org
    /org/queryOrgWithUser.json
114.html
    /114.html
transferhistory
    /transferhistory/queryTransHis.htm
monitor
    /monitor/qmonitor.jsp
mdc
    /mdc/city/provinceList.json
    /mdc/city/districtList.json
    /mdc/city/cityList.json
    /mdc/city/countryList.json
    /mdc/city/queryAllCities.json
visitmanage
    /visitmanage/listVisitInfo.htm
ct
    /ct/ctModify/package/hasBdOnlineChangePrice.json
sale
    /sale/myQuery/batchQueryBDCommissionSum.json
    /sale/myQuery/queryBDCommissionSum.json
    /sale/myQuery/batchQueryBDCommissionByDay.json
    /sale/myQuery/queryBDCommissionByDay.json
test.html
    /test.html
duty
    /duty/getDutyListNew.json
    /duty/processDuty.json
    /duty/getCategoryTreeFilterEmptyNew.json
    /duty/detail.json
    /duty/getToDoDutyCount.json
    /duty/getDutyListPage.json
location
    /location/getOneAuthCity.htm
    /location/queryCitiesByParentId.htm
user
    /user/login.htm
    /user/getResources.json
    /user/sendVerifyCode.htm
    /user/logout.htm
    /user/getUserInfo.json
    /user/postDeviceInfo.htm
download.html
    /download.html
